<?xml version="1.0" encoding="UTF-8"?>
<testng-results ignored="0" total="1" passed="0" failed="1" skipped="0">
  <reporter-output>
  </reporter-output>
  <suite started-at="2023-07-20T19:36:15 IST" name="Sauce Labs Demo App" finished-at="2023-07-20T19:37:28 IST" duration-ms="73064">
    <groups>
    </groups>
    <test started-at="2023-07-20T19:36:15 IST" name="Android Sauce labs Demo App On Emulator" finished-at="2023-07-20T19:37:28 IST" duration-ms="73064">
      <class name="com.qa.mobile.tests.EndToEndTest">
        <test-method is-config="true" signature="getData_LoginUser()[pri:0, instance:com.qa.mobile.tests.EndToEndTest@399f45b1]" started-at="2023-07-20T19:36:15 IST" name="getData_LoginUser" finished-at="2023-07-20T19:36:15 IST" duration-ms="18" status="PASS">
          <reporter-output>
          </reporter-output>
        </test-method> <!-- getData_LoginUser -->
        <test-method is-config="true" signature="initializeDriver(java.lang.String,java.lang.String,java.lang.String,java.lang.String)[pri:0, instance:com.qa.mobile.tests.EndToEndTest@399f45b1]" started-at="2023-07-20T19:36:15 IST" name="initializeDriver" finished-at="2023-07-20T19:36:22 IST" duration-ms="6698" status="PASS">
          <params>
            <param index="0">
              <value>
                <![CDATA[Android]]>
              </value>
            </param>
            <param index="1">
              <value>
                <![CDATA[Pixel_5_API_31]]>
              </value>
            </param>
            <param index="2">
              <value>
                <![CDATA[emulator-5554]]>
              </value>
            </param>
            <param index="3">
              <value>
                <![CDATA[12]]>
              </value>
            </param>
          </params>
          <reporter-output>
          </reporter-output>
        </test-method> <!-- initializeDriver -->
        <test-method is-config="true" signature="whichMethodExecuting(java.lang.reflect.Method)[pri:0, instance:com.qa.mobile.tests.EndToEndTest@399f45b1]" started-at="2023-07-20T19:36:22 IST" name="whichMethodExecuting" finished-at="2023-07-20T19:36:25 IST" duration-ms="2846" status="PASS">
          <params>
            <param index="0">
              <value>
                <![CDATA[public void com.qa.mobile.tests.EndToEndTest.loginToCheckoutTest()]]>
              </value>
            </param>
          </params>
          <reporter-output>
          </reporter-output>
        </test-method> <!-- whichMethodExecuting -->
        <test-method signature="loginToCheckoutTest()[pri:0, instance:com.qa.mobile.tests.EndToEndTest@399f45b1]" started-at="2023-07-20T19:36:25 IST" name="loginToCheckoutTest" finished-at="2023-07-20T19:37:28 IST" duration-ms="63238" status="FAIL">
          <exception class="java.lang.AssertionError">
            <message>
              <![CDATA[The following asserts failed:
expected [Your order has been dispatched and will arrive as fast as the pony gallops!] but found [ Your order has been dispatched and will arrive as fast as the pony gallops!]]]>
            </message>
            <full-stacktrace>
              <![CDATA[java.lang.AssertionError: The following asserts failed:
expected [Your order has been dispatched and will arrive as fast as the pony gallops!] but found [ Your order has been dispatched and will arrive as fast as the pony gallops!]
at org.testng.asserts.SoftAssert.assertAll(SoftAssert.java:46)
at org.testng.asserts.SoftAssert.assertAll(SoftAssert.java:30)
at com.qa.mobile.tests.EndToEndTest.loginToCheckoutTest(EndToEndTest.java:226)
at java.base/jdk.internal.reflect.NativeMethodAccessorImpl.invoke0(Native Method)
at java.base/jdk.internal.reflect.NativeMethodAccessorImpl.invoke(NativeMethodAccessorImpl.java:64)
at java.base/jdk.internal.reflect.DelegatingMethodAccessorImpl.invoke(DelegatingMethodAccessorImpl.java:43)
at java.base/java.lang.reflect.Method.invoke(Method.java:564)
at org.testng.internal.invokers.MethodInvocationHelper.invokeMethod(MethodInvocationHelper.java:139)
at org.testng.internal.invokers.TestInvoker.invokeMethod(TestInvoker.java:664)
at org.testng.internal.invokers.TestInvoker.invokeTestMethod(TestInvoker.java:227)
at org.testng.internal.invokers.MethodRunner.runInSequence(MethodRunner.java:50)
at org.testng.internal.invokers.TestInvoker$MethodInvocationAgent.invoke(TestInvoker.java:957)
at org.testng.internal.invokers.TestInvoker.invokeTestMethods(TestInvoker.java:200)
at org.testng.internal.invokers.TestMethodWorker.invokeTestMethods(TestMethodWorker.java:148)
at org.testng.internal.invokers.TestMethodWorker.run(TestMethodWorker.java:128)
at java.base/java.util.ArrayList.forEach(ArrayList.java:1511)
at org.testng.TestRunner.privateRun(TestRunner.java:848)
at org.testng.TestRunner.run(TestRunner.java:621)
at org.testng.SuiteRunner.runTest(SuiteRunner.java:443)
at org.testng.SuiteRunner.runSequentially(SuiteRunner.java:437)
at org.testng.SuiteRunner.privateRun(SuiteRunner.java:397)
at org.testng.SuiteRunner.run(SuiteRunner.java:336)
at org.testng.SuiteRunnerWorker.runSuite(SuiteRunnerWorker.java:52)
at org.testng.SuiteRunnerWorker.run(SuiteRunnerWorker.java:95)
at org.testng.TestNG.runSuitesSequentially(TestNG.java:1280)
at org.testng.TestNG.runSuitesLocally(TestNG.java:1200)
at org.testng.TestNG.runSuites(TestNG.java:1114)
at org.testng.TestNG.run(TestNG.java:1082)
at com.intellij.rt.testng.IDEARemoteTestNG.run(IDEARemoteTestNG.java:66)
at com.intellij.rt.testng.RemoteTestNGStarter.main(RemoteTestNGStarter.java:105)
]]>
            </full-stacktrace>
          </exception> <!-- java.lang.AssertionError -->
          <reporter-output>
          </reporter-output>
        </test-method> <!-- loginToCheckoutTest -->
        <test-method is-config="true" signature="tearDown()[pri:0, instance:com.qa.mobile.tests.EndToEndTest@399f45b1]" started-at="2023-07-20T19:37:28 IST" name="tearDown" finished-at="2023-07-20T19:37:28 IST" duration-ms="221" status="PASS">
          <reporter-output>
          </reporter-output>
        </test-method> <!-- tearDown -->
      </class> <!-- com.qa.mobile.tests.EndToEndTest -->
    </test> <!-- Android Sauce labs Demo App On Emulator -->
  </suite> <!-- Sauce Labs Demo App -->
</testng-results>
